[05/09/2022 11:02:59] [INFO] [inverted_list_generator] Starting Inverted List Generator.
[05/09/2022 11:02:59] [INFO] [inverted_list_generator] Reading configurations' file.
[05/09/2022 11:02:59] [INFO] [inverted_list_generator] Reading file data/test_documents.xml
[05/09/2022 11:02:59] [INFO] [inverted_list_generator] Total documents read: 2
[05/09/2022 11:02:59] [INFO] [inverted_list_generator] Generating inverted list.
[05/09/2022 11:02:59] [INFO] [inverted_list_generator] Inverted list generated from 2 documents, with 10 terms considered.
[05/09/2022 11:02:59] [INFO] [inverted_list_generator] Saving inverted list to result/inverted_list.csv
[05/09/2022 11:02:59] [INFO] [inverted_list_generator] 10 terms written. Saved inverted list to 'result/inverted_list.csv'
[05/09/2022 11:02:59] [INFO] [indexer] Reading configurations' file.
[05/09/2022 11:02:59] [INFO] [indexer] Loading inverted list.
[05/09/2022 11:02:59] [INFO] [indexer] Inverted list loaded.
[05/09/2022 11:02:59] [INFO] [indexer] Calculating matrix of the TF-IDFs.
[05/09/2022 11:02:59] [INFO] [indexer] Calculating idf (inverse document frequency) for all documents.
[05/09/2022 11:02:59] [INFO] [indexer] Finished calculating idf for all documents. Total time: 0.000080 seconds.
[05/09/2022 11:02:59] [INFO] [indexer] Calculating tf (term frequency) for all documents.
[05/09/2022 11:02:59] [INFO] [indexer] Finished calculating tf for all documents. Total time: 0.000056 seconds.
[05/09/2022 11:02:59] [INFO] [indexer] Finished calculating matrix of the TF-IDFs. Total time: 0.000331 seconds.
[05/09/2022 11:02:59] [INFO] [indexer] Saving the TF-IDF matrix.
[05/09/2022 11:02:59] [INFO] [indexer] TF-IDFs matrix saved to file: result/vecmodel.pkl
[05/09/2022 11:02:59] [INFO] [query_processor] Reading configurations' file 'pc.cfg'.
[05/09/2022 11:02:59] [INFO] [query_processor] Reading file data/test_queries.xml
[05/09/2022 11:02:59] [INFO] [query_processor] 2 queries read and written to result/queries.csv.
[05/09/2022 11:02:59] [INFO] [query_processor] Writing expected results.
[05/09/2022 11:02:59] [INFO] [query_processor] 4 expected results written to 'result/expected_results.csv'.
[05/09/2022 11:02:59] [INFO] [searcher] Reading configurations' file 'busca.cfg'.
[05/09/2022 11:02:59] [INFO] [searcher] Loading model.
[05/09/2022 11:02:59] [INFO] [searcher] Model loaded.
[05/09/2022 11:02:59] [INFO] [searcher] Loading queries.
[05/09/2022 11:02:59] [INFO] [searcher] 2 queries loaded.
[05/09/2022 11:02:59] [INFO] [searcher] Running queries.
[05/09/2022 11:02:59] [WARNING] [indexer] Word WHAT present in the query but not present in the words list.
[05/09/2022 11:02:59] [WARNING] [indexer] Word ARE present in the query but not present in the words list.
[05/09/2022 11:02:59] [WARNING] [indexer] Word THE present in the query but not present in the words list.
[05/09/2022 11:02:59] [WARNING] [indexer] Word TOPICS present in the query but not present in the words list.
[05/09/2022 11:02:59] [WARNING] [indexer] Word DOCUMENT present in the query but not present in the words list.
[05/09/2022 11:02:59] [INFO] [searcher] 2 queries executed in 0.001850 seconds, with average query execution time of 0.000247 seconds.
[05/09/2022 11:46:22] [INFO] [inverted_list_generator] Starting Inverted List Generator.
[05/09/2022 11:46:22] [INFO] [inverted_list_generator] Reading configurations' file.
[05/09/2022 11:46:22] [INFO] [inverted_list_generator] Reading file data/test_documents.xml
[05/09/2022 11:46:22] [INFO] [inverted_list_generator] Total documents read: 2
[05/09/2022 11:46:22] [INFO] [inverted_list_generator] Generating inverted list.
[05/09/2022 11:46:22] [INFO] [inverted_list_generator] Inverted list generated from 2 documents, with 10 terms considered.
[05/09/2022 11:46:22] [INFO] [inverted_list_generator] Saving inverted list to result/inverted_list.csv
[05/09/2022 11:46:22] [INFO] [inverted_list_generator] 10 terms written. Saved inverted list to 'result/inverted_list.csv'
[05/09/2022 11:46:22] [INFO] [indexer] Reading configurations' file.
[05/09/2022 11:46:22] [INFO] [indexer] Loading inverted list.
[05/09/2022 11:46:22] [INFO] [indexer] Inverted list loaded.
[05/09/2022 11:46:22] [INFO] [indexer] Calculating matrix of the TF-IDFs.
[05/09/2022 11:46:22] [INFO] [indexer] Calculating idf (inverse document frequency) for all documents.
[05/09/2022 11:46:22] [INFO] [indexer] Finished calculating idf for all documents. Total time: 0.000064 seconds.
[05/09/2022 11:46:22] [INFO] [indexer] Calculating tf (term frequency) for all documents.
[05/09/2022 11:46:22] [INFO] [indexer] Finished calculating tf for all documents. Total time: 0.000072 seconds.
[05/09/2022 11:46:22] [INFO] [indexer] Finished calculating matrix of the TF-IDFs. Total time: 0.000359 seconds.
[05/09/2022 11:46:22] [INFO] [indexer] Saving the TF-IDF matrix.
[05/09/2022 11:46:22] [INFO] [indexer] TF-IDFs matrix saved to file: result/vecmodel.pkl
[05/09/2022 11:46:22] [INFO] [query_processor] Reading configurations' file 'pc.cfg'.
[05/09/2022 11:46:22] [INFO] [query_processor] Reading file data/test_queries.xml
[05/09/2022 11:46:22] [INFO] [query_processor] 2 queries read and written to result/queries.csv.
[05/09/2022 11:46:22] [INFO] [query_processor] Writing expected results.
[05/09/2022 11:46:22] [INFO] [query_processor] 4 expected results written to 'result/expected_results.csv'.
[05/09/2022 11:46:22] [INFO] [searcher] Reading configurations' file 'busca.cfg'.
[05/09/2022 11:46:22] [INFO] [searcher] Loading model.
[05/09/2022 11:46:22] [INFO] [searcher] Model loaded.
[05/09/2022 11:46:22] [INFO] [searcher] Loading queries.
[05/09/2022 11:46:22] [INFO] [searcher] 2 queries loaded.
[05/09/2022 11:46:22] [INFO] [searcher] Running queries.
[05/09/2022 11:46:22] [WARNING] [indexer] Word WHAT present in the query but not present in the words list.
[05/09/2022 11:46:22] [WARNING] [indexer] Word ARE present in the query but not present in the words list.
[05/09/2022 11:46:22] [WARNING] [indexer] Word THE present in the query but not present in the words list.
[05/09/2022 11:46:22] [WARNING] [indexer] Word TOPICS present in the query but not present in the words list.
[05/09/2022 11:46:22] [WARNING] [indexer] Word DOCUMENT present in the query but not present in the words list.
[05/09/2022 11:46:22] [INFO] [searcher] 2 queries executed in 0.001616 seconds, with average query execution time of 0.000253 seconds.
[05/09/2022 11:59:40] [INFO] [inverted_list_generator] Starting Inverted List Generator.
[05/09/2022 11:59:40] [INFO] [inverted_list_generator] Reading configurations' file.
[05/09/2022 11:59:40] [INFO] [inverted_list_generator] Reading file data/test_documents.xml
[05/09/2022 11:59:40] [INFO] [inverted_list_generator] Total documents read: 2
[05/09/2022 11:59:40] [INFO] [inverted_list_generator] Generating inverted list.
[05/09/2022 11:59:40] [INFO] [inverted_list_generator] Inverted list generated from 2 documents, with 10 terms considered.
[05/09/2022 11:59:40] [INFO] [inverted_list_generator] Saving inverted list to result/inverted_list.csv
[05/09/2022 11:59:40] [INFO] [inverted_list_generator] 10 terms written. Saved inverted list to 'result/inverted_list.csv'
[05/09/2022 11:59:40] [INFO] [indexer] Reading configurations' file.
[05/09/2022 11:59:40] [INFO] [indexer] Loading inverted list.
[05/09/2022 11:59:40] [INFO] [indexer] Inverted list loaded.
[05/09/2022 11:59:40] [INFO] [indexer] Calculating matrix of the TF-IDFs.
[05/09/2022 11:59:40] [INFO] [indexer] Calculating idf (inverse document frequency) for all documents.
[05/09/2022 11:59:40] [INFO] [indexer] Finished calculating idf for all documents. Total time: 0.000062 seconds.
[05/09/2022 11:59:40] [INFO] [indexer] Calculating tf (term frequency) for all documents.
[05/09/2022 11:59:40] [INFO] [indexer] Finished calculating tf for all documents. Total time: 0.000049 seconds.
[05/09/2022 11:59:40] [INFO] [indexer] Finished calculating matrix of the TF-IDFs. Total time: 0.000303 seconds.
[05/09/2022 11:59:40] [INFO] [indexer] Saving the TF-IDF matrix.
[05/09/2022 11:59:40] [INFO] [indexer] TF-IDFs matrix saved to file: result/vecmodel.pkl
[05/09/2022 11:59:40] [INFO] [query_processor] Reading configurations' file 'pc.cfg'.
[05/09/2022 11:59:40] [INFO] [query_processor] Reading file data/test_queries.xml
[05/09/2022 11:59:40] [INFO] [query_processor] 2 queries read and written to result/queries.csv.
[05/09/2022 11:59:40] [INFO] [query_processor] Writing expected results.
[05/09/2022 11:59:40] [INFO] [query_processor] 4 expected results written to 'result/expected_results.csv'.
[05/09/2022 11:59:40] [INFO] [searcher] Reading configurations' file 'busca.cfg'.
[05/09/2022 11:59:40] [INFO] [searcher] Loading model.
[05/09/2022 11:59:40] [INFO] [searcher] Model loaded.
[05/09/2022 11:59:40] [INFO] [searcher] Loading queries.
[05/09/2022 11:59:40] [INFO] [searcher] 2 queries loaded.
[05/09/2022 11:59:40] [INFO] [searcher] Running queries.
[05/09/2022 11:59:40] [WARNING] [indexer] Word WHAT present in the query but not present in the words list.
[05/09/2022 11:59:40] [WARNING] [indexer] Word ARE present in the query but not present in the words list.
[05/09/2022 11:59:40] [WARNING] [indexer] Word THE present in the query but not present in the words list.
[05/09/2022 11:59:40] [WARNING] [indexer] Word TOPICS present in the query but not present in the words list.
[05/09/2022 11:59:40] [WARNING] [indexer] Word DOCUMENT present in the query but not present in the words list.
[05/09/2022 11:59:54] [INFO] [inverted_list_generator] Starting Inverted List Generator.
[05/09/2022 11:59:54] [INFO] [inverted_list_generator] Reading configurations' file.
[05/09/2022 11:59:54] [INFO] [inverted_list_generator] Reading file data/test_documents.xml
[05/09/2022 11:59:54] [INFO] [inverted_list_generator] Total documents read: 2
[05/09/2022 11:59:54] [INFO] [inverted_list_generator] Generating inverted list.
[05/09/2022 11:59:54] [INFO] [inverted_list_generator] Inverted list generated from 2 documents, with 10 terms considered.
[05/09/2022 11:59:54] [INFO] [inverted_list_generator] Saving inverted list to result/inverted_list.csv
[05/09/2022 11:59:54] [INFO] [inverted_list_generator] 10 terms written. Saved inverted list to 'result/inverted_list.csv'
[05/09/2022 11:59:54] [INFO] [indexer] Reading configurations' file.
[05/09/2022 11:59:54] [INFO] [indexer] Loading inverted list.
[05/09/2022 11:59:54] [INFO] [indexer] Inverted list loaded.
[05/09/2022 11:59:54] [INFO] [indexer] Calculating matrix of the TF-IDFs.
[05/09/2022 11:59:54] [INFO] [indexer] Calculating idf (inverse document frequency) for all documents.
[05/09/2022 11:59:54] [INFO] [indexer] Finished calculating idf for all documents. Total time: 0.000079 seconds.
[05/09/2022 11:59:54] [INFO] [indexer] Calculating tf (term frequency) for all documents.
[05/09/2022 11:59:54] [INFO] [indexer] Finished calculating tf for all documents. Total time: 0.000064 seconds.
[05/09/2022 11:59:54] [INFO] [indexer] Finished calculating matrix of the TF-IDFs. Total time: 0.000397 seconds.
[05/09/2022 11:59:54] [INFO] [indexer] Saving the TF-IDF matrix.
[05/09/2022 11:59:54] [INFO] [indexer] TF-IDFs matrix saved to file: result/vecmodel.pkl
[05/09/2022 11:59:54] [INFO] [query_processor] Reading configurations' file 'pc.cfg'.
[05/09/2022 11:59:54] [INFO] [query_processor] Reading file data/test_queries.xml
[05/09/2022 11:59:54] [INFO] [query_processor] 2 queries read and written to result/queries.csv.
[05/09/2022 11:59:54] [INFO] [query_processor] Writing expected results.
[05/09/2022 11:59:54] [INFO] [query_processor] 4 expected results written to 'result/expected_results.csv'.
[05/09/2022 11:59:54] [INFO] [searcher] Reading configurations' file 'busca.cfg'.
[05/09/2022 11:59:54] [INFO] [searcher] Loading model.
[05/09/2022 11:59:54] [INFO] [searcher] Model loaded.
[05/09/2022 11:59:54] [INFO] [searcher] Loading queries.
[05/09/2022 11:59:54] [INFO] [searcher] 2 queries loaded.
[05/09/2022 11:59:54] [INFO] [searcher] Running queries.
[05/09/2022 11:59:54] [WARNING] [indexer] Word WHAT present in the query but not present in the words list.
[05/09/2022 11:59:54] [WARNING] [indexer] Word ARE present in the query but not present in the words list.
[05/09/2022 11:59:54] [WARNING] [indexer] Word THE present in the query but not present in the words list.
[05/09/2022 11:59:54] [WARNING] [indexer] Word TOPICS present in the query but not present in the words list.
[05/09/2022 11:59:54] [WARNING] [indexer] Word DOCUMENT present in the query but not present in the words list.
[05/09/2022 12:00:05] [INFO] [inverted_list_generator] Starting Inverted List Generator.
[05/09/2022 12:00:05] [INFO] [inverted_list_generator] Reading configurations' file.
[05/09/2022 12:00:05] [INFO] [inverted_list_generator] Reading file data/test_documents.xml
[05/09/2022 12:00:05] [INFO] [inverted_list_generator] Total documents read: 2
[05/09/2022 12:00:05] [INFO] [inverted_list_generator] Generating inverted list.
[05/09/2022 12:00:05] [INFO] [inverted_list_generator] Inverted list generated from 2 documents, with 10 terms considered.
[05/09/2022 12:00:05] [INFO] [inverted_list_generator] Saving inverted list to result/inverted_list.csv
[05/09/2022 12:00:05] [INFO] [inverted_list_generator] 10 terms written. Saved inverted list to 'result/inverted_list.csv'
[05/09/2022 12:00:05] [INFO] [indexer] Reading configurations' file.
[05/09/2022 12:00:05] [INFO] [indexer] Loading inverted list.
[05/09/2022 12:00:05] [INFO] [indexer] Inverted list loaded.
[05/09/2022 12:00:05] [INFO] [indexer] Calculating matrix of the TF-IDFs.
[05/09/2022 12:00:05] [INFO] [indexer] Calculating idf (inverse document frequency) for all documents.
[05/09/2022 12:00:05] [INFO] [indexer] Finished calculating idf for all documents. Total time: 0.000079 seconds.
[05/09/2022 12:00:05] [INFO] [indexer] Calculating tf (term frequency) for all documents.
[05/09/2022 12:00:05] [INFO] [indexer] Finished calculating tf for all documents. Total time: 0.000066 seconds.
[05/09/2022 12:00:05] [INFO] [indexer] Finished calculating matrix of the TF-IDFs. Total time: 0.000414 seconds.
[05/09/2022 12:00:05] [INFO] [indexer] Saving the TF-IDF matrix.
[05/09/2022 12:00:05] [INFO] [indexer] TF-IDFs matrix saved to file: result/vecmodel.pkl
[05/09/2022 12:00:05] [INFO] [query_processor] Reading configurations' file 'pc.cfg'.
[05/09/2022 12:00:05] [INFO] [query_processor] Reading file data/test_queries.xml
[05/09/2022 12:00:05] [INFO] [query_processor] 2 queries read and written to result/queries.csv.
[05/09/2022 12:00:05] [INFO] [query_processor] Writing expected results.
[05/09/2022 12:00:05] [INFO] [query_processor] 4 expected results written to 'result/expected_results.csv'.
[05/09/2022 12:00:05] [INFO] [searcher] Reading configurations' file 'busca.cfg'.
[05/09/2022 12:00:05] [INFO] [searcher] Loading model.
[05/09/2022 12:00:05] [INFO] [searcher] Model loaded.
[05/09/2022 12:00:05] [INFO] [searcher] Loading queries.
[05/09/2022 12:00:05] [INFO] [searcher] 2 queries loaded.
[05/09/2022 12:00:05] [INFO] [searcher] Running queries.
[05/09/2022 12:00:05] [WARNING] [indexer] Word WHAT present in the query but not present in the words list.
[05/09/2022 12:00:05] [WARNING] [indexer] Word ARE present in the query but not present in the words list.
[05/09/2022 12:00:05] [WARNING] [indexer] Word THE present in the query but not present in the words list.
[05/09/2022 12:00:05] [WARNING] [indexer] Word TOPICS present in the query but not present in the words list.
[05/09/2022 12:00:05] [WARNING] [indexer] Word DOCUMENT present in the query but not present in the words list.
[05/09/2022 12:00:05] [INFO] [searcher] 2 queries executed in 0.005929 seconds, with average query execution time of 0.000261 seconds.
[05/09/2022 12:00:48] [INFO] [inverted_list_generator] Starting Inverted List Generator.
[05/09/2022 12:00:48] [INFO] [inverted_list_generator] Reading configurations' file.
[05/09/2022 12:00:48] [INFO] [inverted_list_generator] Reading file data/test_documents.xml
[05/09/2022 12:00:48] [INFO] [inverted_list_generator] Total documents read: 2
[05/09/2022 12:00:48] [INFO] [inverted_list_generator] Generating inverted list.
[05/09/2022 12:00:48] [INFO] [inverted_list_generator] Inverted list generated from 2 documents, with 10 terms considered.
[05/09/2022 12:00:48] [INFO] [inverted_list_generator] Saving inverted list to result/inverted_list.csv
[05/09/2022 12:00:48] [INFO] [inverted_list_generator] 10 terms written. Saved inverted list to 'result/inverted_list.csv'
[05/09/2022 12:00:48] [INFO] [indexer] Reading configurations' file.
[05/09/2022 12:00:48] [INFO] [indexer] Loading inverted list.
[05/09/2022 12:00:48] [INFO] [indexer] Inverted list loaded.
[05/09/2022 12:00:48] [INFO] [indexer] Calculating matrix of the TF-IDFs.
[05/09/2022 12:00:48] [INFO] [indexer] Calculating idf (inverse document frequency) for all documents.
[05/09/2022 12:00:48] [INFO] [indexer] Finished calculating idf for all documents. Total time: 0.000077 seconds.
[05/09/2022 12:00:48] [INFO] [indexer] Calculating tf (term frequency) for all documents.
[05/09/2022 12:00:48] [INFO] [indexer] Finished calculating tf for all documents. Total time: 0.000064 seconds.
[05/09/2022 12:00:48] [INFO] [indexer] Finished calculating matrix of the TF-IDFs. Total time: 0.000399 seconds.
[05/09/2022 12:00:48] [INFO] [indexer] Saving the TF-IDF matrix.
[05/09/2022 12:00:48] [INFO] [indexer] TF-IDFs matrix saved to file: result/vecmodel.pkl
[05/09/2022 12:00:48] [INFO] [query_processor] Reading configurations' file 'pc.cfg'.
[05/09/2022 12:00:48] [INFO] [query_processor] Reading file data/test_queries.xml
[05/09/2022 12:00:48] [INFO] [query_processor] 2 queries read and written to result/queries.csv.
[05/09/2022 12:00:48] [INFO] [query_processor] Writing expected results.
[05/09/2022 12:00:48] [INFO] [query_processor] 4 expected results written to 'result/expected_results.csv'.
[05/09/2022 12:00:48] [INFO] [searcher] Reading configurations' file 'busca.cfg'.
[05/09/2022 12:00:48] [INFO] [searcher] Loading model.
[05/09/2022 12:00:48] [INFO] [searcher] Model loaded.
[05/09/2022 12:00:48] [INFO] [searcher] Loading queries.
[05/09/2022 12:00:48] [INFO] [searcher] 2 queries loaded.
[05/09/2022 12:00:48] [INFO] [searcher] Running queries.
[05/09/2022 12:00:48] [WARNING] [indexer] Word WHAT present in the query but not present in the words list.
[05/09/2022 12:00:48] [WARNING] [indexer] Word ARE present in the query but not present in the words list.
[05/09/2022 12:00:48] [WARNING] [indexer] Word THE present in the query but not present in the words list.
[05/09/2022 12:00:48] [WARNING] [indexer] Word TOPICS present in the query but not present in the words list.
[05/09/2022 12:00:48] [WARNING] [indexer] Word DOCUMENT present in the query but not present in the words list.
[05/09/2022 12:00:48] [INFO] [searcher] 2 queries executed in 0.007876 seconds, with average query execution time of 0.000264 seconds.
[05/09/2022 12:26:12] [INFO] [inverted_list_generator] Starting Inverted List Generator.
[05/09/2022 12:26:12] [INFO] [inverted_list_generator] Reading configurations' file.
[05/09/2022 12:26:12] [INFO] [inverted_list_generator] Reading file data/test_documents.xml
[05/09/2022 12:26:12] [INFO] [inverted_list_generator] Total documents read: 3
[05/09/2022 12:26:12] [INFO] [inverted_list_generator] Generating inverted list.
[05/09/2022 12:26:12] [INFO] [inverted_list_generator] Inverted list generated from 3 documents, with 17 terms considered.
[05/09/2022 12:26:12] [INFO] [inverted_list_generator] Saving inverted list to result/inverted_list.csv
[05/09/2022 12:26:12] [INFO] [inverted_list_generator] 17 terms written. Saved inverted list to 'result/inverted_list.csv'
[05/09/2022 12:26:12] [INFO] [indexer] Reading configurations' file.
[05/09/2022 12:26:12] [INFO] [indexer] Loading inverted list.
[05/09/2022 12:26:12] [INFO] [indexer] Inverted list loaded.
[05/09/2022 12:26:12] [INFO] [indexer] Calculating matrix of the TF-IDFs.
[05/09/2022 12:26:12] [INFO] [indexer] Calculating idf (inverse document frequency) for all documents.
[05/09/2022 12:26:12] [INFO] [indexer] Finished calculating idf for all documents. Total time: 0.000086 seconds.
[05/09/2022 12:26:12] [INFO] [indexer] Calculating tf (term frequency) for all documents.
[05/09/2022 12:26:12] [INFO] [indexer] Finished calculating tf for all documents. Total time: 0.000091 seconds.
[05/09/2022 12:26:12] [INFO] [indexer] Finished calculating matrix of the TF-IDFs. Total time: 0.000467 seconds.
[05/09/2022 12:26:12] [INFO] [indexer] Saving the TF-IDF matrix.
[05/09/2022 12:26:12] [INFO] [indexer] TF-IDFs matrix saved to file: result/vecmodel.pkl
[05/09/2022 12:26:12] [INFO] [query_processor] Reading configurations' file 'pc.cfg'.
[05/09/2022 12:26:12] [INFO] [query_processor] Reading file data/test_queries.xml
[05/09/2022 12:26:12] [INFO] [query_processor] 5 queries read and written to result/queries.csv.
[05/09/2022 12:26:12] [INFO] [query_processor] Writing expected results.
[05/09/2022 12:26:12] [INFO] [query_processor] 10 expected results written to 'result/expected_results.csv'.
[05/09/2022 12:26:12] [INFO] [searcher] Reading configurations' file 'busca.cfg'.
[05/09/2022 12:26:12] [INFO] [searcher] Loading model.
[05/09/2022 12:26:12] [INFO] [searcher] Model loaded.
[05/09/2022 12:26:12] [INFO] [searcher] Loading queries.
[05/09/2022 12:26:12] [INFO] [searcher] 5 queries loaded.
[05/09/2022 12:26:12] [INFO] [searcher] Running queries.
[05/09/2022 12:26:12] [WARNING] [indexer] Word WHAT present in the query but not present in the words list.
[05/09/2022 12:26:12] [WARNING] [indexer] Word ARE present in the query but not present in the words list.
[05/09/2022 12:26:12] [WARNING] [indexer] Word TOPICS present in the query but not present in the words list.
[05/09/2022 12:26:12] [WARNING] [indexer] Word DOCUMENT present in the query but not present in the words list.
[05/09/2022 12:26:12] [WARNING] [indexer] Word RULES present in the query but not present in the words list.
[05/09/2022 12:26:12] [WARNING] [indexer] Word DOES present in the query but not present in the words list.
[05/09/2022 12:26:12] [WARNING] [indexer] Word DOES present in the query but not present in the words list.
[05/09/2022 12:26:12] [INFO] [searcher] 5 queries executed in 0.014941 seconds, with average query execution time of 0.000232 seconds.
[05/09/2022 12:26:26] [INFO] [inverted_list_generator] Starting Inverted List Generator.
[05/09/2022 12:26:26] [INFO] [inverted_list_generator] Reading configurations' file.
[05/09/2022 12:26:26] [INFO] [inverted_list_generator] Reading file data/test_documents.xml
[05/09/2022 12:26:26] [INFO] [inverted_list_generator] Total documents read: 3
[05/09/2022 12:26:26] [INFO] [inverted_list_generator] Generating inverted list.
[05/09/2022 12:26:26] [INFO] [inverted_list_generator] Inverted list generated from 3 documents, with 17 terms considered.
[05/09/2022 12:26:26] [INFO] [inverted_list_generator] Saving inverted list to result/inverted_list.csv
[05/09/2022 12:26:26] [INFO] [inverted_list_generator] 17 terms written. Saved inverted list to 'result/inverted_list.csv'
[05/09/2022 12:26:26] [INFO] [indexer] Reading configurations' file.
[05/09/2022 12:26:26] [INFO] [indexer] Loading inverted list.
[05/09/2022 12:26:26] [INFO] [indexer] Inverted list loaded.
[05/09/2022 12:26:26] [INFO] [indexer] Calculating matrix of the TF-IDFs.
[05/09/2022 12:26:26] [INFO] [indexer] Calculating idf (inverse document frequency) for all documents.
[05/09/2022 12:26:26] [INFO] [indexer] Finished calculating idf for all documents. Total time: 0.000073 seconds.
[05/09/2022 12:26:26] [INFO] [indexer] Calculating tf (term frequency) for all documents.
[05/09/2022 12:26:26] [INFO] [indexer] Finished calculating tf for all documents. Total time: 0.000078 seconds.
[05/09/2022 12:26:26] [INFO] [indexer] Finished calculating matrix of the TF-IDFs. Total time: 0.000365 seconds.
[05/09/2022 12:26:26] [INFO] [indexer] Saving the TF-IDF matrix.
[05/09/2022 12:26:26] [INFO] [indexer] TF-IDFs matrix saved to file: result/vecmodel.pkl
[05/09/2022 12:26:26] [INFO] [query_processor] Reading configurations' file 'pc.cfg'.
[05/09/2022 12:26:26] [INFO] [query_processor] Reading file data/test_queries.xml
[05/09/2022 12:26:26] [INFO] [query_processor] 5 queries read and written to result/queries.csv.
[05/09/2022 12:26:26] [INFO] [query_processor] Writing expected results.
[05/09/2022 12:26:26] [INFO] [query_processor] 10 expected results written to 'result/expected_results.csv'.
[05/09/2022 12:26:26] [INFO] [searcher] Reading configurations' file 'busca.cfg'.
[05/09/2022 12:26:26] [INFO] [searcher] Loading model.
[05/09/2022 12:26:26] [INFO] [searcher] Model loaded.
[05/09/2022 12:26:26] [INFO] [searcher] Loading queries.
[05/09/2022 12:26:26] [INFO] [searcher] 5 queries loaded.
[05/09/2022 12:26:26] [INFO] [searcher] Running queries.
[05/09/2022 12:26:26] [WARNING] [indexer] Word WHAT present in the query but not present in the words list.
[05/09/2022 12:26:26] [WARNING] [indexer] Word ARE present in the query but not present in the words list.
[05/09/2022 12:26:26] [WARNING] [indexer] Word TOPICS present in the query but not present in the words list.
[05/09/2022 12:26:26] [WARNING] [indexer] Word DOCUMENT present in the query but not present in the words list.
[05/09/2022 12:26:26] [WARNING] [indexer] Word RULES present in the query but not present in the words list.
[05/09/2022 12:26:26] [WARNING] [indexer] Word DOES present in the query but not present in the words list.
[05/09/2022 12:26:26] [WARNING] [indexer] Word DOES present in the query but not present in the words list.
[05/09/2022 12:26:26] [INFO] [searcher] 5 queries executed in 0.005313 seconds, with average query execution time of 0.000198 seconds.
[05/09/2022 12:28:09] [INFO] [inverted_list_generator] Starting Inverted List Generator.
[05/09/2022 12:28:09] [INFO] [inverted_list_generator] Reading configurations' file.
[05/09/2022 12:28:09] [INFO] [inverted_list_generator] Reading file data/test_documents.xml
[05/09/2022 12:28:09] [INFO] [inverted_list_generator] Total documents read: 3
[05/09/2022 12:28:09] [INFO] [inverted_list_generator] Generating inverted list.
[05/09/2022 12:28:09] [INFO] [inverted_list_generator] Inverted list generated from 3 documents, with 18 terms considered.
[05/09/2022 12:28:09] [INFO] [inverted_list_generator] Saving inverted list to result/inverted_list.csv
[05/09/2022 12:28:09] [INFO] [inverted_list_generator] 18 terms written. Saved inverted list to 'result/inverted_list.csv'
[05/09/2022 12:28:09] [INFO] [indexer] Reading configurations' file.
[05/09/2022 12:28:09] [INFO] [indexer] Loading inverted list.
[05/09/2022 12:28:09] [INFO] [indexer] Inverted list loaded.
[05/09/2022 12:28:09] [INFO] [indexer] Calculating matrix of the TF-IDFs.
[05/09/2022 12:28:09] [INFO] [indexer] Calculating idf (inverse document frequency) for all documents.
[05/09/2022 12:28:09] [INFO] [indexer] Finished calculating idf for all documents. Total time: 0.000085 seconds.
[05/09/2022 12:28:09] [INFO] [indexer] Calculating tf (term frequency) for all documents.
[05/09/2022 12:28:09] [INFO] [indexer] Finished calculating tf for all documents. Total time: 0.000097 seconds.
[05/09/2022 12:28:09] [INFO] [indexer] Finished calculating matrix of the TF-IDFs. Total time: 0.000445 seconds.
[05/09/2022 12:28:09] [INFO] [indexer] Saving the TF-IDF matrix.
[05/09/2022 12:28:09] [INFO] [indexer] TF-IDFs matrix saved to file: result/vecmodel.pkl
[05/09/2022 12:28:09] [INFO] [query_processor] Reading configurations' file 'pc.cfg'.
[05/09/2022 12:28:09] [INFO] [query_processor] Reading file data/test_queries.xml
[05/09/2022 12:28:09] [INFO] [query_processor] 5 queries read and written to result/queries.csv.
[05/09/2022 12:28:09] [INFO] [query_processor] Writing expected results.
[05/09/2022 12:28:09] [INFO] [query_processor] 10 expected results written to 'result/expected_results.csv'.
[05/09/2022 12:28:09] [INFO] [searcher] Reading configurations' file 'busca.cfg'.
[05/09/2022 12:28:09] [INFO] [searcher] Loading model.
[05/09/2022 12:28:09] [INFO] [searcher] Model loaded.
[05/09/2022 12:28:09] [INFO] [searcher] Loading queries.
[05/09/2022 12:28:09] [INFO] [searcher] 5 queries loaded.
[05/09/2022 12:28:09] [INFO] [searcher] Running queries.
[05/09/2022 12:28:09] [WARNING] [indexer] Word WHAT present in the query but not present in the words list.
[05/09/2022 12:28:09] [WARNING] [indexer] Word ARE present in the query but not present in the words list.
[05/09/2022 12:28:09] [WARNING] [indexer] Word TOPICS present in the query but not present in the words list.
[05/09/2022 12:28:09] [WARNING] [indexer] Word DOCUMENT present in the query but not present in the words list.
[05/09/2022 12:28:09] [WARNING] [indexer] Word RULES present in the query but not present in the words list.
[05/09/2022 12:28:09] [WARNING] [indexer] Word DOES present in the query but not present in the words list.
[05/09/2022 12:28:09] [WARNING] [indexer] Word DOES present in the query but not present in the words list.
[05/09/2022 12:28:09] [INFO] [searcher] 5 queries executed in 0.014295 seconds, with average query execution time of 0.000208 seconds.
[05/09/2022 12:46:35] [INFO] [inverted_list_generator] Starting Inverted List Generator.
[05/09/2022 12:46:35] [INFO] [inverted_list_generator] Reading configurations' file.
[05/09/2022 12:46:35] [INFO] [inverted_list_generator] Reading file data/test_documents.xml
[05/09/2022 12:46:35] [INFO] [inverted_list_generator] Total documents read: 3
[05/09/2022 12:46:35] [INFO] [inverted_list_generator] Generating inverted list.
[05/09/2022 12:46:35] [INFO] [inverted_list_generator] Inverted list generated from 3 documents, with 18 terms considered.
[05/09/2022 12:46:35] [INFO] [inverted_list_generator] Saving inverted list to result/inverted_list.csv
[05/09/2022 12:46:35] [INFO] [inverted_list_generator] 18 terms written. Saved inverted list to 'result/inverted_list.csv'
[05/09/2022 12:46:35] [INFO] [indexer] Reading configurations' file.
[05/09/2022 12:46:35] [INFO] [indexer] Loading inverted list.
[05/09/2022 12:46:35] [INFO] [indexer] Inverted list loaded.
[05/09/2022 12:46:35] [INFO] [indexer] Calculating matrix of the TF-IDFs.
[05/09/2022 12:46:35] [INFO] [indexer] Calculating idf (inverse document frequency) for all documents.
[05/09/2022 12:46:35] [INFO] [indexer] Finished calculating idf for all documents. Total time: 0.000079 seconds.
[05/09/2022 12:46:35] [INFO] [indexer] Calculating tf (term frequency) for all documents.
[05/09/2022 12:46:35] [INFO] [indexer] Finished calculating tf for all documents. Total time: 0.000086 seconds.
[05/09/2022 12:46:35] [INFO] [indexer] Finished calculating matrix of the TF-IDFs. Total time: 0.000400 seconds.
[05/09/2022 12:46:35] [INFO] [indexer] Saving the TF-IDF matrix.
[05/09/2022 12:46:35] [INFO] [indexer] TF-IDFs matrix saved to file: result/vecmodel.pkl
[05/09/2022 12:46:35] [INFO] [query_processor] Reading configurations' file 'pc.cfg'.
[05/09/2022 12:46:35] [INFO] [query_processor] Reading file data/test_queries.xml
[05/09/2022 12:46:35] [INFO] [query_processor] 5 queries read and written to result/queries.csv.
[05/09/2022 12:46:35] [INFO] [query_processor] Writing expected results.
[05/09/2022 12:46:35] [INFO] [query_processor] 10 expected results written to 'result/expected_results.csv'.
[05/09/2022 12:46:35] [INFO] [searcher] Reading configurations' file 'busca.cfg'.
[05/09/2022 12:46:35] [INFO] [searcher] Loading model.
[05/09/2022 12:46:35] [INFO] [searcher] Model loaded.
[05/09/2022 12:46:35] [INFO] [searcher] Loading queries.
[05/09/2022 12:46:35] [INFO] [searcher] 5 queries loaded.
[05/09/2022 12:46:35] [INFO] [searcher] Running queries.
[05/09/2022 12:46:35] [WARNING] [indexer] Word WHAT present in the query but not present in the words list.
[05/09/2022 12:46:35] [WARNING] [indexer] Word ARE present in the query but not present in the words list.
[05/09/2022 12:47:28] [INFO] [inverted_list_generator] Starting Inverted List Generator.
[05/09/2022 12:47:28] [INFO] [inverted_list_generator] Reading configurations' file.
[05/09/2022 12:47:28] [INFO] [inverted_list_generator] Reading file data/test_documents.xml
[05/09/2022 12:47:28] [INFO] [inverted_list_generator] Total documents read: 3
[05/09/2022 12:47:28] [INFO] [inverted_list_generator] Generating inverted list.
[05/09/2022 12:47:28] [INFO] [inverted_list_generator] Inverted list generated from 3 documents, with 18 terms considered.
[05/09/2022 12:47:28] [INFO] [inverted_list_generator] Saving inverted list to result/inverted_list.csv
[05/09/2022 12:47:28] [INFO] [inverted_list_generator] 18 terms written. Saved inverted list to 'result/inverted_list.csv'
[05/09/2022 12:47:28] [INFO] [indexer] Reading configurations' file.
[05/09/2022 12:47:28] [INFO] [indexer] Loading inverted list.
[05/09/2022 12:47:28] [INFO] [indexer] Inverted list loaded.
[05/09/2022 12:47:28] [INFO] [indexer] Calculating matrix of the TF-IDFs.
[05/09/2022 12:47:28] [INFO] [indexer] Calculating idf (inverse document frequency) for all documents.
[05/09/2022 12:47:28] [INFO] [indexer] Finished calculating idf for all documents. Total time: 0.000084 seconds.
[05/09/2022 12:47:28] [INFO] [indexer] Calculating tf (term frequency) for all documents.
[05/09/2022 12:47:28] [INFO] [indexer] Finished calculating tf for all documents. Total time: 0.000096 seconds.
[05/09/2022 12:47:28] [INFO] [indexer] Finished calculating matrix of the TF-IDFs. Total time: 0.000421 seconds.
[05/09/2022 12:47:28] [INFO] [indexer] Saving the TF-IDF matrix.
[05/09/2022 12:47:28] [INFO] [indexer] TF-IDFs matrix saved to file: result/vecmodel.pkl
[05/09/2022 12:47:28] [INFO] [query_processor] Reading configurations' file 'pc.cfg'.
[05/09/2022 12:47:28] [INFO] [query_processor] Reading file data/test_queries.xml
[05/09/2022 12:47:28] [INFO] [query_processor] 5 queries read and written to result/queries.csv.
[05/09/2022 12:47:28] [INFO] [query_processor] Writing expected results.
[05/09/2022 12:47:28] [INFO] [query_processor] 10 expected results written to 'result/expected_results.csv'.
[05/09/2022 12:47:28] [INFO] [searcher] Reading configurations' file 'busca.cfg'.
[05/09/2022 12:47:28] [INFO] [searcher] Loading model.
[05/09/2022 12:47:28] [INFO] [searcher] Model loaded.
[05/09/2022 12:47:28] [INFO] [searcher] Loading queries.
[05/09/2022 12:47:28] [INFO] [searcher] 5 queries loaded.
[05/09/2022 12:47:28] [INFO] [searcher] Running queries.
[05/09/2022 12:47:28] [WARNING] [indexer] Word WHAT present in the query but not present in the words list.
[05/09/2022 12:47:28] [WARNING] [indexer] Word ARE present in the query but not present in the words list.
[05/09/2022 12:47:35] [INFO] [inverted_list_generator] Starting Inverted List Generator.
[05/09/2022 12:47:35] [INFO] [inverted_list_generator] Reading configurations' file.
[05/09/2022 12:47:35] [INFO] [inverted_list_generator] Reading file data/test_documents.xml
[05/09/2022 12:47:35] [INFO] [inverted_list_generator] Total documents read: 3
[05/09/2022 12:47:35] [INFO] [inverted_list_generator] Generating inverted list.
[05/09/2022 12:47:35] [INFO] [inverted_list_generator] Inverted list generated from 3 documents, with 18 terms considered.
[05/09/2022 12:47:35] [INFO] [inverted_list_generator] Saving inverted list to result/inverted_list.csv
[05/09/2022 12:47:35] [INFO] [inverted_list_generator] 18 terms written. Saved inverted list to 'result/inverted_list.csv'
[05/09/2022 12:47:35] [INFO] [indexer] Reading configurations' file.
[05/09/2022 12:47:35] [INFO] [indexer] Loading inverted list.
[05/09/2022 12:47:35] [INFO] [indexer] Inverted list loaded.
[05/09/2022 12:47:35] [INFO] [indexer] Calculating matrix of the TF-IDFs.
[05/09/2022 12:47:35] [INFO] [indexer] Calculating idf (inverse document frequency) for all documents.
[05/09/2022 12:47:35] [INFO] [indexer] Finished calculating idf for all documents. Total time: 0.000069 seconds.
[05/09/2022 12:47:35] [INFO] [indexer] Calculating tf (term frequency) for all documents.
[05/09/2022 12:47:35] [INFO] [indexer] Finished calculating tf for all documents. Total time: 0.000078 seconds.
[05/09/2022 12:47:35] [INFO] [indexer] Finished calculating matrix of the TF-IDFs. Total time: 0.000357 seconds.
[05/09/2022 12:47:35] [INFO] [indexer] Saving the TF-IDF matrix.
[05/09/2022 12:47:35] [INFO] [indexer] TF-IDFs matrix saved to file: result/vecmodel.pkl
[05/09/2022 12:47:35] [INFO] [query_processor] Reading configurations' file 'pc.cfg'.
[05/09/2022 12:47:35] [INFO] [query_processor] Reading file data/test_queries.xml
[05/09/2022 12:47:35] [INFO] [query_processor] 5 queries read and written to result/queries.csv.
[05/09/2022 12:47:35] [INFO] [query_processor] Writing expected results.
[05/09/2022 12:47:35] [INFO] [query_processor] 10 expected results written to 'result/expected_results.csv'.
[05/09/2022 12:47:35] [INFO] [searcher] Reading configurations' file 'busca.cfg'.
[05/09/2022 12:47:35] [INFO] [searcher] Loading model.
[05/09/2022 12:47:35] [INFO] [searcher] Model loaded.
[05/09/2022 12:47:35] [INFO] [searcher] Loading queries.
[05/09/2022 12:47:35] [INFO] [searcher] 5 queries loaded.
[05/09/2022 12:47:35] [INFO] [searcher] Running queries.
[05/09/2022 12:47:35] [WARNING] [indexer] Word WHAT present in the query but not present in the words list.
[05/09/2022 12:47:35] [WARNING] [indexer] Word ARE present in the query but not present in the words list.
[05/09/2022 12:47:50] [INFO] [inverted_list_generator] Starting Inverted List Generator.
[05/09/2022 12:47:50] [INFO] [inverted_list_generator] Reading configurations' file.
[05/09/2022 12:47:50] [INFO] [inverted_list_generator] Reading file data/test_documents.xml
[05/09/2022 12:47:50] [INFO] [inverted_list_generator] Total documents read: 3
[05/09/2022 12:47:50] [INFO] [inverted_list_generator] Generating inverted list.
[05/09/2022 12:47:50] [INFO] [inverted_list_generator] Inverted list generated from 3 documents, with 18 terms considered.
[05/09/2022 12:47:50] [INFO] [inverted_list_generator] Saving inverted list to result/inverted_list.csv
[05/09/2022 12:47:50] [INFO] [inverted_list_generator] 18 terms written. Saved inverted list to 'result/inverted_list.csv'
[05/09/2022 12:47:50] [INFO] [indexer] Reading configurations' file.
[05/09/2022 12:47:50] [INFO] [indexer] Loading inverted list.
[05/09/2022 12:47:50] [INFO] [indexer] Inverted list loaded.
[05/09/2022 12:47:50] [INFO] [indexer] Calculating matrix of the TF-IDFs.
[05/09/2022 12:47:50] [INFO] [indexer] Calculating idf (inverse document frequency) for all documents.
[05/09/2022 12:47:50] [INFO] [indexer] Finished calculating idf for all documents. Total time: 0.000079 seconds.
[05/09/2022 12:47:50] [INFO] [indexer] Calculating tf (term frequency) for all documents.
[05/09/2022 12:47:50] [INFO] [indexer] Finished calculating tf for all documents. Total time: 0.000088 seconds.
[05/09/2022 12:47:50] [INFO] [indexer] Finished calculating matrix of the TF-IDFs. Total time: 0.000400 seconds.
[05/09/2022 12:47:50] [INFO] [indexer] Saving the TF-IDF matrix.
[05/09/2022 12:47:50] [INFO] [indexer] TF-IDFs matrix saved to file: result/vecmodel.pkl
[05/09/2022 12:47:50] [INFO] [query_processor] Reading configurations' file 'pc.cfg'.
[05/09/2022 12:47:50] [INFO] [query_processor] Reading file data/test_queries.xml
[05/09/2022 12:47:50] [INFO] [query_processor] 5 queries read and written to result/queries.csv.
[05/09/2022 12:47:50] [INFO] [query_processor] Writing expected results.
[05/09/2022 12:47:50] [INFO] [query_processor] 10 expected results written to 'result/expected_results.csv'.
[05/09/2022 12:47:50] [INFO] [searcher] Reading configurations' file 'busca.cfg'.
[05/09/2022 12:47:50] [INFO] [searcher] Loading model.
[05/09/2022 12:47:50] [INFO] [searcher] Model loaded.
[05/09/2022 12:47:50] [INFO] [searcher] Loading queries.
[05/09/2022 12:47:50] [INFO] [searcher] 5 queries loaded.
[05/09/2022 12:47:50] [INFO] [searcher] Running queries.
[05/09/2022 12:47:50] [WARNING] [indexer] Word WHAT present in the query but not present in the words list.
[05/09/2022 12:47:50] [WARNING] [indexer] Word ARE present in the query but not present in the words list.
[05/09/2022 12:47:50] [WARNING] [indexer] Word TOPICS present in the query but not present in the words list.
[05/09/2022 12:47:50] [WARNING] [indexer] Word DOCUMENT present in the query but not present in the words list.
[05/09/2022 12:47:50] [WARNING] [indexer] Word RULES present in the query but not present in the words list.
[05/09/2022 12:47:50] [WARNING] [indexer] Word DOES present in the query but not present in the words list.
[05/09/2022 12:47:50] [WARNING] [indexer] Word DOES present in the query but not present in the words list.
[05/09/2022 12:47:50] [INFO] [searcher] 5 queries executed in 0.046327 seconds, with average query execution time of 0.005766 seconds.
[05/09/2022 12:48:08] [INFO] [inverted_list_generator] Starting Inverted List Generator.
[05/09/2022 12:48:08] [INFO] [inverted_list_generator] Reading configurations' file.
[05/09/2022 12:48:08] [INFO] [inverted_list_generator] Reading file data/test_documents.xml
[05/09/2022 12:48:08] [INFO] [inverted_list_generator] Total documents read: 3
[05/09/2022 12:48:08] [INFO] [inverted_list_generator] Generating inverted list.
[05/09/2022 12:48:08] [INFO] [inverted_list_generator] Inverted list generated from 3 documents, with 18 terms considered.
[05/09/2022 12:48:08] [INFO] [inverted_list_generator] Saving inverted list to result/inverted_list.csv
[05/09/2022 12:48:08] [INFO] [inverted_list_generator] 18 terms written. Saved inverted list to 'result/inverted_list.csv'
[05/09/2022 12:48:08] [INFO] [indexer] Reading configurations' file.
[05/09/2022 12:48:08] [INFO] [indexer] Loading inverted list.
[05/09/2022 12:48:08] [INFO] [indexer] Inverted list loaded.
[05/09/2022 12:48:08] [INFO] [indexer] Calculating matrix of the TF-IDFs.
[05/09/2022 12:48:08] [INFO] [indexer] Calculating idf (inverse document frequency) for all documents.
[05/09/2022 12:48:08] [INFO] [indexer] Finished calculating idf for all documents. Total time: 0.000077 seconds.
[05/09/2022 12:48:08] [INFO] [indexer] Calculating tf (term frequency) for all documents.
[05/09/2022 12:48:08] [INFO] [indexer] Finished calculating tf for all documents. Total time: 0.000086 seconds.
[05/09/2022 12:48:08] [INFO] [indexer] Finished calculating matrix of the TF-IDFs. Total time: 0.000392 seconds.
[05/09/2022 12:48:08] [INFO] [indexer] Saving the TF-IDF matrix.
[05/09/2022 12:48:08] [INFO] [indexer] TF-IDFs matrix saved to file: result/vecmodel.pkl
[05/09/2022 12:48:08] [INFO] [query_processor] Reading configurations' file 'pc.cfg'.
[05/09/2022 12:48:08] [INFO] [query_processor] Reading file data/test_queries.xml
[05/09/2022 12:48:08] [INFO] [query_processor] 5 queries read and written to result/queries.csv.
[05/09/2022 12:48:08] [INFO] [query_processor] Writing expected results.
[05/09/2022 12:48:08] [INFO] [query_processor] 10 expected results written to 'result/expected_results.csv'.
[05/09/2022 12:48:08] [INFO] [searcher] Reading configurations' file 'busca.cfg'.
[05/09/2022 12:48:08] [INFO] [searcher] Loading model.
[05/09/2022 12:48:08] [INFO] [searcher] Model loaded.
[05/09/2022 12:48:08] [INFO] [searcher] Loading queries.
[05/09/2022 12:48:08] [INFO] [searcher] 5 queries loaded.
[05/09/2022 12:48:08] [INFO] [searcher] Running queries.
[05/09/2022 12:48:08] [WARNING] [indexer] Word WHAT present in the query but not present in the words list.
[05/09/2022 12:48:08] [WARNING] [indexer] Word ARE present in the query but not present in the words list.
[05/09/2022 12:48:08] [WARNING] [indexer] Word TOPICS present in the query but not present in the words list.
[05/09/2022 12:48:08] [WARNING] [indexer] Word DOCUMENT present in the query but not present in the words list.
[05/09/2022 12:48:08] [WARNING] [indexer] Word RULES present in the query but not present in the words list.
[05/09/2022 12:48:08] [WARNING] [indexer] Word DOES present in the query but not present in the words list.
[05/09/2022 12:48:08] [WARNING] [indexer] Word DOES present in the query but not present in the words list.
[05/09/2022 12:48:08] [INFO] [searcher] 5 queries executed in 0.007370 seconds, with average query execution time of 0.000189 seconds.
[05/09/2022 12:51:32] [INFO] [inverted_list_generator] Starting Inverted List Generator.
[05/09/2022 12:51:32] [INFO] [inverted_list_generator] Reading configurations' file.
[05/09/2022 12:51:32] [INFO] [inverted_list_generator] Reading file data/test_documents.xml
[05/09/2022 12:51:32] [INFO] [inverted_list_generator] Total documents read: 3
[05/09/2022 12:51:32] [INFO] [inverted_list_generator] Generating inverted list.
[05/09/2022 12:51:32] [INFO] [inverted_list_generator] Inverted list generated from 3 documents, with 18 terms considered.
[05/09/2022 12:51:32] [INFO] [inverted_list_generator] Saving inverted list to result/inverted_list.csv
[05/09/2022 12:51:32] [INFO] [inverted_list_generator] 18 terms written. Saved inverted list to 'result/inverted_list.csv'
[05/09/2022 12:51:32] [INFO] [indexer] Reading configurations' file.
[05/09/2022 12:51:32] [INFO] [indexer] Loading inverted list.
[05/09/2022 12:51:32] [INFO] [indexer] Inverted list loaded.
[05/09/2022 12:51:32] [INFO] [indexer] Calculating matrix of the TF-IDFs.
[05/09/2022 12:51:32] [INFO] [indexer] Calculating idf (inverse document frequency) for all documents.
[05/09/2022 12:51:32] [INFO] [indexer] Finished calculating idf for all documents. Total time: 0.000083 seconds.
[05/09/2022 12:51:32] [INFO] [indexer] Calculating tf (term frequency) for all documents.
[05/09/2022 12:51:32] [INFO] [indexer] Finished calculating tf for all documents. Total time: 0.000096 seconds.
[05/09/2022 12:51:32] [INFO] [indexer] Finished calculating matrix of the TF-IDFs. Total time: 0.000436 seconds.
[05/09/2022 12:51:32] [INFO] [indexer] Saving the TF-IDF matrix.
[05/09/2022 12:51:32] [INFO] [indexer] TF-IDFs matrix saved to file: result/vecmodel.pkl
[05/09/2022 12:51:32] [INFO] [query_processor] Reading configurations' file 'pc.cfg'.
[05/09/2022 12:51:32] [INFO] [query_processor] Reading file data/test_queries.xml
[05/09/2022 12:51:32] [INFO] [query_processor] 5 queries read and written to result/queries.csv.
[05/09/2022 12:51:32] [INFO] [query_processor] Writing expected results.
[05/09/2022 12:51:32] [INFO] [query_processor] 10 expected results written to 'result/expected_results.csv'.
[05/09/2022 12:51:32] [INFO] [searcher] Reading configurations' file 'busca.cfg'.
[05/09/2022 12:51:32] [INFO] [searcher] Loading model.
[05/09/2022 12:51:32] [INFO] [searcher] Model loaded.
[05/09/2022 12:51:32] [INFO] [searcher] Loading queries.
[05/09/2022 12:51:32] [INFO] [searcher] 5 queries loaded.
[05/09/2022 12:51:32] [INFO] [searcher] Running queries.
[05/09/2022 12:51:32] [WARNING] [indexer] Word WHAT present in the query but not present in the words list.
[05/09/2022 12:51:32] [WARNING] [indexer] Word ARE present in the query but not present in the words list.
[05/09/2022 12:51:32] [WARNING] [indexer] Word TOPICS present in the query but not present in the words list.
[05/09/2022 12:51:32] [WARNING] [indexer] Word DOCUMENT present in the query but not present in the words list.
[05/09/2022 12:51:32] [WARNING] [indexer] Word RULES present in the query but not present in the words list.
[05/09/2022 12:51:32] [WARNING] [indexer] Word DOES present in the query but not present in the words list.
[05/09/2022 12:51:32] [WARNING] [indexer] Word DOES present in the query but not present in the words list.
[05/09/2022 12:51:32] [INFO] [searcher] 5 queries executed in 0.002131 seconds, with average query execution time of 0.000188 seconds.
