05/07/2022 20:38:10 Starting Inverted List Generator.
05/07/2022 20:38:10 Reading configurations' file.
05/07/2022 20:38:10 Reading file data/cf74.xml
05/07/2022 20:38:10 Document 36 in file data/cf74.xml without ABSTRACT or EXTRACT. Ignoring...
05/07/2022 20:38:10 Document 128 in file data/cf74.xml without ABSTRACT or EXTRACT. Ignoring...
05/07/2022 20:38:10 Document 132 in file data/cf74.xml without ABSTRACT or EXTRACT. Ignoring...
05/07/2022 20:38:10 Total documents read: 164
05/07/2022 20:38:10 Generating inverted list.
05/07/2022 20:38:10 Inverted list generated. Number of keys: 3385
05/07/2022 20:38:10 Saving inverted list to inverted_list.csv
05/07/2022 20:38:10 Saved inverted list to inverted_list.csv
05/07/2022 22:42:44 Starting Inverted List Generator.
05/07/2022 22:42:44 Reading configurations' file.
05/07/2022 22:42:44 Reading file data/cf74.xml
05/07/2022 22:42:44 Document 36 in file data/cf74.xml without ABSTRACT or EXTRACT. Ignoring...
05/07/2022 22:42:44 Document 128 in file data/cf74.xml without ABSTRACT or EXTRACT. Ignoring...
05/07/2022 22:42:44 Document 132 in file data/cf74.xml without ABSTRACT or EXTRACT. Ignoring...
05/07/2022 22:42:44 Total documents read: 164
05/07/2022 22:42:44 Reading file data/cf75.xml
05/07/2022 22:42:44 Document 168 in file data/cf75.xml without ABSTRACT or EXTRACT. Ignoring...
05/07/2022 22:42:44 Document 298 in file data/cf75.xml without ABSTRACT or EXTRACT. Ignoring...
05/07/2022 22:42:44 Document 329 in file data/cf75.xml without ABSTRACT or EXTRACT. Ignoring...
05/07/2022 22:42:44 Total documents read: 349
05/07/2022 22:42:44 Reading file data/cf76.xml
05/07/2022 22:42:44 Document 493 in file data/cf76.xml without ABSTRACT or EXTRACT. Ignoring...
05/07/2022 22:42:44 Document 512 in file data/cf76.xml without ABSTRACT or EXTRACT. Ignoring...
05/07/2022 22:42:44 Document 551 in file data/cf76.xml without ABSTRACT or EXTRACT. Ignoring...
05/07/2022 22:42:44 Total documents read: 573
05/07/2022 22:42:44 Reading file data/cf77.xml
05/07/2022 22:42:44 Document 595 in file data/cf77.xml without ABSTRACT or EXTRACT. Ignoring...
05/07/2022 22:42:44 Document 712 in file data/cf77.xml without ABSTRACT or EXTRACT. Ignoring...
05/07/2022 22:42:44 Document 729 in file data/cf77.xml without ABSTRACT or EXTRACT. Ignoring...
05/07/2022 22:42:44 Document 735 in file data/cf77.xml without ABSTRACT or EXTRACT. Ignoring...
05/07/2022 22:42:44 Total documents read: 768
05/07/2022 22:42:44 Reading file data/cf78.xml
05/07/2022 22:42:44 Document 839 in file data/cf78.xml without ABSTRACT or EXTRACT. Ignoring...
05/07/2022 22:42:44 Document 894 in file data/cf78.xml without ABSTRACT or EXTRACT. Ignoring...
05/07/2022 22:42:44 Document 932 in file data/cf78.xml without ABSTRACT or EXTRACT. Ignoring...
05/07/2022 22:42:44 Document 939 in file data/cf78.xml without ABSTRACT or EXTRACT. Ignoring...
05/07/2022 22:42:44 Total documents read: 963
05/07/2022 22:42:44 Reading file data/cf79.xml
05/07/2022 22:42:44 Document 1023 in file data/cf79.xml without ABSTRACT or EXTRACT. Ignoring...
05/07/2022 22:42:44 Document 1069 in file data/cf79.xml without ABSTRACT or EXTRACT. Ignoring...
05/07/2022 22:42:44 Document 1089 in file data/cf79.xml without ABSTRACT or EXTRACT. Ignoring...
05/07/2022 22:42:44 Document 1150 in file data/cf79.xml without ABSTRACT or EXTRACT. Ignoring...
05/07/2022 22:42:44 Document 1154 in file data/cf79.xml without ABSTRACT or EXTRACT. Ignoring...
05/07/2022 22:42:44 Document 1187 in file data/cf79.xml without ABSTRACT or EXTRACT. Ignoring...
05/07/2022 22:42:44 Document 1225 in file data/cf79.xml without ABSTRACT or EXTRACT. Ignoring...
05/07/2022 22:42:44 Total documents read: 1215
05/07/2022 22:42:44 Generating inverted list.
05/07/2022 22:42:45 Inverted list generated. Number of keys: 9228
05/07/2022 22:42:45 Saving inverted list to inverted_list.csv
05/07/2022 22:42:45 Saved inverted list to inverted_list.csv
05/07/2022 23:10:15 Starting Inverted List Generator.
05/07/2022 23:10:15 Reading configurations' file.
05/07/2022 23:10:15 Reading file data/cf74.xml
05/07/2022 23:10:15 Document 36 in file data/cf74.xml without ABSTRACT or EXTRACT. Ignoring...
05/07/2022 23:10:15 Document 128 in file data/cf74.xml without ABSTRACT or EXTRACT. Ignoring...
05/07/2022 23:10:15 Document 132 in file data/cf74.xml without ABSTRACT or EXTRACT. Ignoring...
05/07/2022 23:10:15 Total documents read: 164
05/07/2022 23:10:15 Reading file data/cf75.xml
05/07/2022 23:10:15 Document 168 in file data/cf75.xml without ABSTRACT or EXTRACT. Ignoring...
05/07/2022 23:10:15 Document 298 in file data/cf75.xml without ABSTRACT or EXTRACT. Ignoring...
05/07/2022 23:10:15 Document 329 in file data/cf75.xml without ABSTRACT or EXTRACT. Ignoring...
05/07/2022 23:10:15 Total documents read: 349
05/07/2022 23:10:15 Reading file data/cf76.xml
05/07/2022 23:10:15 Document 493 in file data/cf76.xml without ABSTRACT or EXTRACT. Ignoring...
05/07/2022 23:10:15 Document 512 in file data/cf76.xml without ABSTRACT or EXTRACT. Ignoring...
05/07/2022 23:10:15 Document 551 in file data/cf76.xml without ABSTRACT or EXTRACT. Ignoring...
05/07/2022 23:10:15 Total documents read: 573
05/07/2022 23:10:15 Reading file data/cf77.xml
05/07/2022 23:10:15 Document 595 in file data/cf77.xml without ABSTRACT or EXTRACT. Ignoring...
05/07/2022 23:10:15 Document 712 in file data/cf77.xml without ABSTRACT or EXTRACT. Ignoring...
05/07/2022 23:10:15 Document 729 in file data/cf77.xml without ABSTRACT or EXTRACT. Ignoring...
05/07/2022 23:10:15 Document 735 in file data/cf77.xml without ABSTRACT or EXTRACT. Ignoring...
05/07/2022 23:10:15 Total documents read: 768
05/07/2022 23:10:15 Reading file data/cf78.xml
05/07/2022 23:10:16 Document 839 in file data/cf78.xml without ABSTRACT or EXTRACT. Ignoring...
05/07/2022 23:10:16 Document 894 in file data/cf78.xml without ABSTRACT or EXTRACT. Ignoring...
05/07/2022 23:10:16 Document 932 in file data/cf78.xml without ABSTRACT or EXTRACT. Ignoring...
05/07/2022 23:10:16 Document 939 in file data/cf78.xml without ABSTRACT or EXTRACT. Ignoring...
05/07/2022 23:10:16 Total documents read: 963
05/07/2022 23:10:16 Reading file data/cf79.xml
05/07/2022 23:10:16 Document 1023 in file data/cf79.xml without ABSTRACT or EXTRACT. Ignoring...
05/07/2022 23:10:16 Document 1069 in file data/cf79.xml without ABSTRACT or EXTRACT. Ignoring...
05/07/2022 23:10:16 Document 1089 in file data/cf79.xml without ABSTRACT or EXTRACT. Ignoring...
05/07/2022 23:10:16 Document 1150 in file data/cf79.xml without ABSTRACT or EXTRACT. Ignoring...
05/07/2022 23:10:16 Document 1154 in file data/cf79.xml without ABSTRACT or EXTRACT. Ignoring...
05/07/2022 23:10:16 Document 1187 in file data/cf79.xml without ABSTRACT or EXTRACT. Ignoring...
05/07/2022 23:10:16 Document 1225 in file data/cf79.xml without ABSTRACT or EXTRACT. Ignoring...
05/07/2022 23:10:16 Total documents read: 1215
05/07/2022 23:10:16 Generating inverted list.
05/07/2022 23:10:16 Inverted list generated. Number of keys: 9228
05/07/2022 23:10:16 Saving inverted list to inverted_list.csv
05/07/2022 23:10:16 Saved inverted list to inverted_list.csv
05/07/2022 23:10:16 Reading configurations' file.
05/07/2022 23:10:16 Loading inverted list.
05/07/2022 23:10:16 Inverted list loaded.
05/07/2022 23:10:16 Calculating matrix of the TF-IDFs.
05/07/2022 23:10:16 Calculating idf (inverse document frequency) for all documents.
05/07/2022 23:10:16 Finished calculating idf for all documents.
05/07/2022 23:10:16 Calculating tf (term frequency) for all documents.
05/07/2022 23:10:18 Finished calculating tf for all documents.
05/07/2022 23:10:18 Finished calculating matrix of the TF-IDFs.
05/07/2022 23:10:18 Saving the TF-IDF matrix.
05/07/2022 23:10:19 TF-IDFs matrix saved to file: vecmodel.pkl
05/07/2022 23:10:19 Reading configurations' file.
05/07/2022 23:10:19 Reading file data/cfquery.xml
05/07/2022 23:10:19 Total documents read: 
05/07/2022 23:10:19 Reading configurations' file.
05/07/2022 23:18:27 Starting Inverted List Generator.
05/07/2022 23:18:27 Reading configurations' file.
05/07/2022 23:18:27 Reading file data/cf74.xml
05/07/2022 23:18:27 Document 36 in file data/cf74.xml without ABSTRACT or EXTRACT. Ignoring...
05/07/2022 23:18:27 Document 128 in file data/cf74.xml without ABSTRACT or EXTRACT. Ignoring...
05/07/2022 23:18:27 Document 132 in file data/cf74.xml without ABSTRACT or EXTRACT. Ignoring...
05/07/2022 23:18:27 Total documents read: 164
05/07/2022 23:18:27 Reading file data/cf75.xml
05/07/2022 23:18:27 Document 168 in file data/cf75.xml without ABSTRACT or EXTRACT. Ignoring...
05/07/2022 23:18:27 Document 298 in file data/cf75.xml without ABSTRACT or EXTRACT. Ignoring...
05/07/2022 23:18:27 Document 329 in file data/cf75.xml without ABSTRACT or EXTRACT. Ignoring...
05/07/2022 23:18:27 Total documents read: 349
05/07/2022 23:18:27 Reading file data/cf76.xml
05/07/2022 23:18:27 Document 493 in file data/cf76.xml without ABSTRACT or EXTRACT. Ignoring...
05/07/2022 23:18:27 Document 512 in file data/cf76.xml without ABSTRACT or EXTRACT. Ignoring...
05/07/2022 23:18:27 Document 551 in file data/cf76.xml without ABSTRACT or EXTRACT. Ignoring...
05/07/2022 23:18:27 Total documents read: 573
05/07/2022 23:18:27 Reading file data/cf77.xml
05/07/2022 23:18:27 Document 595 in file data/cf77.xml without ABSTRACT or EXTRACT. Ignoring...
05/07/2022 23:18:27 Document 712 in file data/cf77.xml without ABSTRACT or EXTRACT. Ignoring...
05/07/2022 23:18:27 Document 729 in file data/cf77.xml without ABSTRACT or EXTRACT. Ignoring...
05/07/2022 23:18:27 Document 735 in file data/cf77.xml without ABSTRACT or EXTRACT. Ignoring...
05/07/2022 23:18:27 Total documents read: 768
05/07/2022 23:18:27 Reading file data/cf78.xml
05/07/2022 23:18:27 Document 839 in file data/cf78.xml without ABSTRACT or EXTRACT. Ignoring...
05/07/2022 23:18:27 Document 894 in file data/cf78.xml without ABSTRACT or EXTRACT. Ignoring...
05/07/2022 23:18:27 Document 932 in file data/cf78.xml without ABSTRACT or EXTRACT. Ignoring...
05/07/2022 23:18:27 Document 939 in file data/cf78.xml without ABSTRACT or EXTRACT. Ignoring...
05/07/2022 23:18:27 Total documents read: 963
05/07/2022 23:18:27 Reading file data/cf79.xml
05/07/2022 23:18:27 Document 1023 in file data/cf79.xml without ABSTRACT or EXTRACT. Ignoring...
05/07/2022 23:18:27 Document 1069 in file data/cf79.xml without ABSTRACT or EXTRACT. Ignoring...
05/07/2022 23:18:27 Document 1089 in file data/cf79.xml without ABSTRACT or EXTRACT. Ignoring...
05/07/2022 23:18:27 Document 1150 in file data/cf79.xml without ABSTRACT or EXTRACT. Ignoring...
05/07/2022 23:18:27 Document 1154 in file data/cf79.xml without ABSTRACT or EXTRACT. Ignoring...
05/07/2022 23:18:27 Document 1187 in file data/cf79.xml without ABSTRACT or EXTRACT. Ignoring...
05/07/2022 23:18:27 Document 1225 in file data/cf79.xml without ABSTRACT or EXTRACT. Ignoring...
05/07/2022 23:18:27 Total documents read: 1215
05/07/2022 23:18:27 Generating inverted list.
05/07/2022 23:18:27 Inverted list generated. Number of keys: 9228
05/07/2022 23:18:27 Saving inverted list to inverted_list.csv
05/07/2022 23:18:27 Saved inverted list to inverted_list.csv
05/07/2022 23:18:27 Reading configurations' file.
05/07/2022 23:18:27 Loading inverted list.
05/07/2022 23:18:27 Inverted list loaded.
05/07/2022 23:18:27 Calculating matrix of the TF-IDFs.
05/07/2022 23:18:27 Calculating idf (inverse document frequency) for all documents.
05/07/2022 23:18:27 Finished calculating idf for all documents.
05/07/2022 23:18:27 Calculating tf (term frequency) for all documents.
05/07/2022 23:18:30 Finished calculating tf for all documents.
05/07/2022 23:18:30 Finished calculating matrix of the TF-IDFs.
05/07/2022 23:18:30 Saving the TF-IDF matrix.
05/07/2022 23:18:31 TF-IDFs matrix saved to file: vecmodel.pkl
05/07/2022 23:18:31 Reading configurations' file.
05/07/2022 23:18:31 Reading file data/cfquery.xml
05/07/2022 23:18:31 Total documents read: 
05/07/2022 23:18:31 Reading configurations' file.
